<?xml version="1.0" encoding="UTF-8" ?>
<testsuites>
  <testsuite errors="0" failures="0" hostname="MSDES7" id="0" name="MyTestSuite" package="NetmedsTestcase" skipped="0" tests="1" time="47.859" timestamp="2020-06-25T09:54:30">
      <properties>
[...]
</properties>

      <testcase classname="NetmedsTestcase.Netmeds" name="Test1" time="45.89" />

      <system-out><![CDATA[]]></system-out>

      <system-err><![CDATA[log4j:WARN No appenders could be found for logger (com.healthmarketscience.jackcess.impl.DatabaseImpl).
log4j:WARN Please initialize the log4j system properly.
log4j:WARN See http://logging.apache.org/log4j/1.2/faq.html#noconfig for more info.
]]></system-err>

  </testsuite>
</testsuites>
